<?xml version="1.0" encoding="UTF-8"?>
<testsuite name="controller.web.TestWebController" tests="2" skipped="0" failures="0" errors="0" timestamp="2016-09-14T15:43:50" hostname="WINDOWS-JN6TP9P" time="0.091">
  <properties/>
  <testcase name="testGetProductsFromUrlThrowsIOExceptionForNoDocument" classname="controller.web.TestWebController" time="0.09"/>
  <testcase name="testGetProductsFromUrlThrowsExceptionForNoLinksOnPage" classname="controller.web.TestWebController" time="0.001"/>
  <system-out><![CDATA[]]></system-out>
  <system-err><![CDATA[]]></system-err>
</testsuite>
