<?xml version="1.0" encoding="UTF-8"?>
<testsuite name="web.scraper.impl.TestTechTestProductListPageScraper" tests="7" skipped="0" failures="0" errors="0" timestamp="2016-09-14T15:43:51" hostname="WINDOWS-JN6TP9P" time="0.014">
  <properties/>
  <testcase name="testGetLinksFromListPageReturnsCorrectLinksAndFailureMessagesForInvalidDocument" classname="web.scraper.impl.TestTechTestProductListPageScraper" time="0.002"/>
  <testcase name="testGetProductInfoElementsReturnsCorrectElementsObjectFromDocument" classname="web.scraper.impl.TestTechTestProductListPageScraper" time="0.002"/>
  <testcase name="testGetLinksFromElementReturnsTheCorrectUrlForValidElement" classname="web.scraper.impl.TestTechTestProductListPageScraper" time="0.003"/>
  <testcase name="testGetLinksFromElementThrowsIncorrectElementExceptionForEmptyLink" classname="web.scraper.impl.TestTechTestProductListPageScraper" time="0.002"/>
  <testcase name="testGetLinksFromElementThrowsIncorrectElementExceptionForTooShortLinkElements" classname="web.scraper.impl.TestTechTestProductListPageScraper" time="0.001"/>
  <testcase name="testGetLinksFromListPageReturnsCorrectLinksForValidDocument" classname="web.scraper.impl.TestTechTestProductListPageScraper" time="0.002"/>
  <testcase name="testGetLinksFromListPageReturnsCorrectLinksAndFailureMessagesForPartiallyValidDocument" classname="web.scraper.impl.TestTechTestProductListPageScraper" time="0.002"/>
  <system-out><![CDATA[]]></system-out>
  <system-err><![CDATA[Warning: 2.0 link elements detected.  Attempting to use first element.
]]></system-err>
</testsuite>
